<?xml version="1.0" encoding="UTF-8"?>
<!-- Generated by org.testng.reporters.JUnitXMLReporter -->
<testsuite ignored="0" hostname="wall-e" failures="1" tests="3" name="SauceDemo E2E Tests" time="10.996" errors="0" timestamp="2026-02-17T19:27:30 IST">
  <testcase classname="io.cucumber.testng.AbstractTestNGCucumberTests" name="runScenario" time="5.936">
    <failure type="java.lang.AssertionError" message="Not correct message! expected [true] but found [false]">
      <![CDATA[java.lang.AssertionError: Not correct message! expected [true] but found [false]
at com.automation.stepdef.StepDef.order_confirmation_should_display(StepDef.java:122)
at ✽.order confirmation should display "WRONG VERIFICATION"(file:///C:/Users/USER/Desktop/Web%20automation/TestAutomationFramework/src/test/resources/features/Saucedemo.feature:20)
... Removed 3 stack frames]]>
    </failure>
  </testcase> <!-- runScenario -->
  <testcase classname="io.cucumber.testng.AbstractTestNGCucumberTests" name="runScenario" time="2.108"/>
  <testcase classname="io.cucumber.testng.AbstractTestNGCucumberTests" name="runScenario" time="2.045"/>
</testsuite> <!-- SauceDemo E2E Tests -->
