-------------------------------------------------------------------------------
Test set: TestSuite
-------------------------------------------------------------------------------
Tests run: 3, Failures: 1, Errors: 0, Skipped: 0, Time elapsed: 23.061 s <<< FAILURE! - in TestSuite
com.automation.runners.TestRunner.runScenario["Complete E2E purchase flow with valid user", "SauceDemo E2E Purchase Flow"](1)  Time elapsed: 9.41 s  <<< FAILURE!
java.lang.AssertionError: Not correct message! expected [true] but found [false]
	at org.testng.Assert.fail(Assert.java:111)
	at org.testng.Assert.failNotEquals(Assert.java:1578)
	at org.testng.Assert.assertTrue(Assert.java:57)
	at com.automation.stepdef.StepDef.order_confirmation_should_display(StepDef.java:122)
	at ✽.order confirmation should display "WRONG VERIFICATION"(file:///C:/Users/USER/Desktop/Web%20automation/TestAutomationFramework/src/test/resources/features/Saucedemo.feature:20)

