<?xml version="1.0" encoding="UTF-8"?>
<testng-results ignored="0" total="3" passed="3" failed="0" skipped="0">
  <reporter-output>
  </reporter-output>
  <suite started-at="2026-02-16T14:16:00 IST" name="Default suite" finished-at="2026-02-16T14:16:09 IST" duration-ms="9348">
    <groups>
      <group name="cucumber">
        <method signature="AbstractTestNGCucumberTests.runScenario(io.cucumber.testng.PickleWrapper,io.cucumber.testng.FeatureWrapper)[pri:0, instance:com.automation.runners.TestRunner@1320e68a]" name="runScenario" class="io.cucumber.testng.AbstractTestNGCucumberTests"/>
      </group> <!-- cucumber -->
    </groups>
    <test started-at="2026-02-16T14:16:00 IST" name="Default test" finished-at="2026-02-16T14:16:09 IST" duration-ms="9348">
      <class name="com.automation.runners.TestRunner">
        <test-method is-config="true" signature="setUpClass(org.testng.ITestContext)[pri:0, instance:com.automation.runners.TestRunner@1320e68a]" started-at="2026-02-16T14:16:00 IST" name="setUpClass" finished-at="2026-02-16T14:16:01 IST" duration-ms="859" status="PASS">
          <params>
            <param index="0">
              <value>
                <![CDATA[org.testng.TestRunner@75c8855e]]>
              </value>
            </param>
          </params>
          <reporter-output>
          </reporter-output>
        </test-method> <!-- setUpClass -->
        <test-method signature="runScenario(io.cucumber.testng.PickleWrapper,io.cucumber.testng.FeatureWrapper)[pri:0, instance:com.automation.runners.TestRunner@1320e68a]" started-at="2026-02-16T14:16:01 IST" name="runScenario" description="Runs Cucumber Scenarios" data-provider="scenarios" finished-at="2026-02-16T14:16:05 IST" duration-ms="4483" status="PASS">
          <params>
            <param index="0">
              <value>
                <![CDATA["Complete E2E purchase flow with valid user"]]>
              </value>
            </param>
            <param index="1">
              <value>
                <![CDATA["SauceDemo E2E Purchase Flow"]]>
              </value>
            </param>
          </params>
          <reporter-output>
          </reporter-output>
        </test-method> <!-- runScenario -->
        <test-method signature="runScenario(io.cucumber.testng.PickleWrapper,io.cucumber.testng.FeatureWrapper)[pri:0, instance:com.automation.runners.TestRunner@1320e68a]" started-at="2026-02-16T14:16:05 IST" name="runScenario" description="Runs Cucumber Scenarios" data-provider="scenarios" finished-at="2026-02-16T14:16:07 IST" duration-ms="2009" status="PASS">
          <params>
            <param index="0">
              <value>
                <![CDATA["Login fails with locked out user"]]>
              </value>
            </param>
            <param index="1">
              <value>
                <![CDATA["SauceDemo E2E Purchase Flow"]]>
              </value>
            </param>
          </params>
          <reporter-output>
          </reporter-output>
        </test-method> <!-- runScenario -->
        <test-method signature="runScenario(io.cucumber.testng.PickleWrapper,io.cucumber.testng.FeatureWrapper)[pri:0, instance:com.automation.runners.TestRunner@1320e68a]" started-at="2026-02-16T14:16:07 IST" name="runScenario" description="Runs Cucumber Scenarios" data-provider="scenarios" finished-at="2026-02-16T14:16:09 IST" duration-ms="1906" status="PASS">
          <params>
            <param index="0">
              <value>
                <![CDATA["Quick smoke test - Add single product to cart"]]>
              </value>
            </param>
            <param index="1">
              <value>
                <![CDATA["SauceDemo E2E Purchase Flow"]]>
              </value>
            </param>
          </params>
          <reporter-output>
          </reporter-output>
        </test-method> <!-- runScenario -->
        <test-method is-config="true" signature="tearDownClass()[pri:0, instance:com.automation.runners.TestRunner@1320e68a]" started-at="2026-02-16T14:16:09 IST" name="tearDownClass" finished-at="2026-02-16T14:16:09 IST" duration-ms="36" status="PASS">
          <reporter-output>
          </reporter-output>
        </test-method> <!-- tearDownClass -->
      </class> <!-- com.automation.runners.TestRunner -->
    </test> <!-- Default test -->
  </suite> <!-- Default suite -->
</testng-results>
