<?xml version="1.0" encoding="UTF-8"?>
<!-- Generated by org.testng.reporters.JUnitReportReporter -->
<testsuite hostname="wall-e" failures="0" tests="3" name="com.automation.runners.TestRunner" time="8.398" errors="0" timestamp="2026-02-16T14:16:09 IST" skipped="0">
  <testcase classname="com.automation.runners.TestRunner" name="runScenario" time="4.483"/>
  <testcase classname="com.automation.runners.TestRunner" name="runScenario" time="1.906"/>
  <testcase classname="com.automation.runners.TestRunner" name="runScenario" time="2.009"/>
</testsuite> <!-- com.automation.runners.TestRunner -->
