<?xml version="1.0" encoding="UTF-8"?>
<!-- Generated by org.testng.reporters.JUnitReportReporter -->
<testsuite hostname="wall-e" failures="0" tests="3" name="com.automation.runners.TestRunner" time="8.731" errors="0" timestamp="2026-03-04T13:15:46 IST" skipped="0">
  <testcase classname="com.automation.runners.TestRunner" name="runScenario" time="2.071"/>
  <testcase classname="com.automation.runners.TestRunner" name="runScenario" time="2.141"/>
  <testcase classname="com.automation.runners.TestRunner" name="runScenario" time="4.519"/>
</testsuite> <!-- com.automation.runners.TestRunner -->
