<?xml version="1.0" encoding="UTF-8"?>
<!-- Generated by org.testng.reporters.JUnitReportReporter -->
<testsuite hostname="wall-e" failures="1" tests="3" name="com.automation.runners.TestRunner" time="21.739" errors="0" timestamp="2026-02-17T14:02:09 IST" skipped="0">
  <testcase classname="com.automation.runners.TestRunner" name="runScenario" time="9.263"/>
  <testcase classname="com.automation.runners.TestRunner" name="runScenario" time="5.423">
    <failure message="Not correct message! expected [true] but found [false]" type="java.lang.AssertionError">
      <![CDATA[java.lang.AssertionError: Not correct message! expected [true] but found [false]
at org.testng.Assert.fail(Assert.java:111)
at org.testng.Assert.failNotEquals(Assert.java:1578)
at org.testng.Assert.assertTrue(Assert.java:57)
at com.automation.stepdef.StepDef.order_confirmation_should_display(StepDef.java:122)
at ✽.order confirmation should display "WRONG VERIFICATION"(file:///C:/Users/USER/Desktop/Web%20automation/TestAutomationFramework/src/test/resources/features/Saucedemo.feature:20)
]]>
    </failure>
  </testcase> <!-- runScenario -->
  <testcase classname="com.automation.runners.TestRunner" name="runScenario" time="7.053"/>
</testsuite> <!-- com.automation.runners.TestRunner -->
